
**** Build of configuration Debug for project CmdIfMgr ****

"D:\\TInew\\ccsv5\\utils\\bin\\gmake" -k all 
'Building file: D:/WorkLocation/Code_736/Code_736/src/steMgr/commandIf/src/CmdIf.c'
'Invoking: C6000 Compiler'
"D:/TInew/ccsv5/tools/compiler/c6000_7.4.4/bin/cl6x" -mv6600 --abi=eabi -O2 -g --include_path="D:/TInew/ipc_3_21_00_07/packages" --include_path="D:/WorkLocation/Code_736/Code_736/src/include" --include_path="D:/WorkLocation/Code_736/Code_736/src/steMgr/commandIf/include" --include_path="D:/WorkLocation/Code_736/Code_736/src/3rdParty/gsmL1/include" --include_path="D:/WorkLocation/Code_736/Code_736/src/steLib/gsmutil/include" --include_path="D:/WorkLocation/Code_736/Code_736/src/steLib/commandIf/include" --include_path="D:/WorkLocation/Code_736/Code_736/src/steLib/genutil/include" --include_path="D:/WorkLocation/Code_736/Code_736/src/stedrv/platform/include" --include_path="D:/WorkLocation/Code_736/Code_736/src/stemgr/dataif/include" --include_path="D:/WorkLocation/Code_736/Code_736/src/stemgr/include" --include_path="D:/WorkLocation/Code_736/Code_736/src/steMgr/diagif/include" --include_path="D:/WorkLocation/Code_736/Code_736/src/steMgr/status/include" --include_path="D:/WorkLocation/Code_736/Code_736/src/stemgr/arfcn/include" --include_path="D:/TInew/pdk_C6678_1_1_2_6/packages" --include_path="D:/TInew/pdk_C6678_1_1_2_6/packages/ti/csl" --include_path="D:/TInew/pdk_C6678_1_1_2_6/packages/ti/platform/evmc6678l/platform_lib/include" --include_path="D:/TInew/xdctools_3_25_03_72/packages" --include_path="D:/TInew/ccsv5/tools/compiler/c6000_7.4.4/include" --include_path="D:/TInew/bios_6_37_02_27/packages" --include_path="D:/TInew/uia_1_03_01_08/packages" --gcc --define=_TMS320C6400 --display_error_number --diag_warning=225 --opt_for_speed=3 --preproc_with_compile --preproc_dependency="CmdIf.pp"  "D:/WorkLocation/Code_736/Code_736/src/steMgr/commandIf/src/CmdIf.c"
'Finished building: D:/WorkLocation/Code_736/Code_736/src/steMgr/commandIf/src/CmdIf.c'
' '
'Building file: D:/WorkLocation/Code_736/Code_736/src/steMgr/commandIf/src/CmdRouter.c'
'Invoking: C6000 Compiler'
"D:/TInew/ccsv5/tools/compiler/c6000_7.4.4/bin/cl6x" -mv6600 --abi=eabi -O2 -g --include_path="D:/TInew/ipc_3_21_00_07/packages" --include_path="D:/WorkLocation/Code_736/Code_736/src/include" --include_path="D:/WorkLocation/Code_736/Code_736/src/steMgr/commandIf/include" --include_path="D:/WorkLocation/Code_736/Code_736/src/3rdParty/gsmL1/include" --include_path="D:/WorkLocation/Code_736/Code_736/src/steLib/gsmutil/include" --include_path="D:/WorkLocation/Code_736/Code_736/src/steLib/commandIf/include" --include_path="D:/WorkLocation/Code_736/Code_736/src/steLib/genutil/include" --include_path="D:/WorkLocation/Code_736/Code_736/src/stedrv/platform/include" --include_path="D:/WorkLocation/Code_736/Code_736/src/stemgr/dataif/include" --include_path="D:/WorkLocation/Code_736/Code_736/src/stemgr/include" --include_path="D:/WorkLocation/Code_736/Code_736/src/steMgr/diagif/include" --include_path="D:/WorkLocation/Code_736/Code_736/src/steMgr/status/include" --include_path="D:/WorkLocation/Code_736/Code_736/src/stemgr/arfcn/include" --include_path="D:/TInew/pdk_C6678_1_1_2_6/packages" --include_path="D:/TInew/pdk_C6678_1_1_2_6/packages/ti/csl" --include_path="D:/TInew/pdk_C6678_1_1_2_6/packages/ti/platform/evmc6678l/platform_lib/include" --include_path="D:/TInew/xdctools_3_25_03_72/packages" --include_path="D:/TInew/ccsv5/tools/compiler/c6000_7.4.4/include" --include_path="D:/TInew/bios_6_37_02_27/packages" --include_path="D:/TInew/uia_1_03_01_08/packages" --gcc --define=_TMS320C6400 --display_error_number --diag_warning=225 --opt_for_speed=3 --preproc_with_compile --preproc_dependency="CmdRouter.pp"  "D:/WorkLocation/Code_736/Code_736/src/steMgr/commandIf/src/CmdRouter.c"
'Finished building: D:/WorkLocation/Code_736/Code_736/src/steMgr/commandIf/src/CmdRouter.c'
' '
'Building target: D:\WorkLocation\Code_736\Code_736\src\steMgr\commandIf/Out/CmdIfMgr.lib'
'Invoking: C6000 Archiver'
"D:/TInew/ccsv5/tools/compiler/c6000_7.4.4/bin/ar6x" r "D:\WorkLocation\Code_736\Code_736\src\steMgr\commandIf/Out/CmdIfMgr.lib"  "./CmdRouter.obj" "./CmdIf.obj" 
  ==>  new archive 'D:\WorkLocation\Code_736\Code_736\src\steMgr\commandIf/Out/CmdIfMgr.lib'
  ==>  building archive 'D:\WorkLocation\Code_736\Code_736\src\steMgr\commandIf/Out/CmdIfMgr.lib'
'Finished building target: D:\WorkLocation\Code_736\Code_736\src\steMgr\commandIf/Out/CmdIfMgr.lib'
' '

**** Build Finished ****
