
**** Build of configuration Debug for project GenUtil ****

"D:\\TInew\\ccsv5\\utils\\bin\\gmake" -k all 
'Building file: D:/WorkLocation/Code_736/Code_736/src/steLib/genutil/src/FIFO.c'
'Invoking: C6000 Compiler'
"D:/TInew/ccsv5/tools/compiler/c6000_7.4.4/bin/cl6x" -mv6600 --abi=eabi -O2 -g --include_path="D:/TInew/ipc_3_21_00_07/packages" --include_path="D:/TInew/ccsv5/tools/compiler/c6000_7.4.4/include" --include_path="D:/WorkLocation/Code_736/Code_736/src/steLib/genutil/include" --include_path="D:/WorkLocation/Code_736/Code_736/src/include" --include_path="D:/WorkLocation/Code_736/Code_736/src/steMgr/arfcn/include" --include_path="D:/WorkLocation/Code_736/Code_736/src/steLib/gsmutil/include" --include_path="D:/WorkLocation/Code_736/Code_736/src/steLib/commandIf/include" --include_path="D:/WorkLocation/Code_736/Code_736/src/steDrv/platform/include" --include_path="D:/WorkLocation/Code_736/Code_736/src/steMgr/dataIf/include" --include_path="D:/WorkLocation/Code_736/Code_736/src/steMgr/diagIf/include" --include_path="D:/WorkLocation/Code_736/Code_736/src/steMgr/status/include" --include_path="D:/WorkLocation/Code_736/Code_736/src/3rdparty/gsmL1/include" --include_path="D:/TInew/xdctools_3_25_03_72/packages" --include_path="D:/TInew/bios_6_37_02_27/packages" --include_path="D:/TInew/pdk_C6678_1_1_2_6/packages" --include_path="D:/TInew/pdk_C6678_1_1_2_6/packages/ti/csl" --include_path="D:/TInew/pdk_C6678_1_1_2_6/packages/ti/platform/evmc6678l/platform_lib/include" --include_path="D:/TInew/uia_1_03_01_08/packages" --gcc --define=_DEBUG --define=_TMS320C6400 --display_error_number --diag_warning=225 --opt_for_speed=3 --preproc_with_compile --preproc_dependency="FIFO.pp"  "D:/WorkLocation/Code_736/Code_736/src/steLib/genutil/src/FIFO.c"
'Finished building: D:/WorkLocation/Code_736/Code_736/src/steLib/genutil/src/FIFO.c'
' '
'Building file: D:/WorkLocation/Code_736/Code_736/src/steLib/genutil/src/GenUtil.c'
'Invoking: C6000 Compiler'
"D:/TInew/ccsv5/tools/compiler/c6000_7.4.4/bin/cl6x" -mv6600 --abi=eabi -O2 -g --include_path="D:/TInew/ipc_3_21_00_07/packages" --include_path="D:/TInew/ccsv5/tools/compiler/c6000_7.4.4/include" --include_path="D:/WorkLocation/Code_736/Code_736/src/steLib/genutil/include" --include_path="D:/WorkLocation/Code_736/Code_736/src/include" --include_path="D:/WorkLocation/Code_736/Code_736/src/steMgr/arfcn/include" --include_path="D:/WorkLocation/Code_736/Code_736/src/steLib/gsmutil/include" --include_path="D:/WorkLocation/Code_736/Code_736/src/steLib/commandIf/include" --include_path="D:/WorkLocation/Code_736/Code_736/src/steDrv/platform/include" --include_path="D:/WorkLocation/Code_736/Code_736/src/steMgr/dataIf/include" --include_path="D:/WorkLocation/Code_736/Code_736/src/steMgr/diagIf/include" --include_path="D:/WorkLocation/Code_736/Code_736/src/steMgr/status/include" --include_path="D:/WorkLocation/Code_736/Code_736/src/3rdparty/gsmL1/include" --include_path="D:/TInew/xdctools_3_25_03_72/packages" --include_path="D:/TInew/bios_6_37_02_27/packages" --include_path="D:/TInew/pdk_C6678_1_1_2_6/packages" --include_path="D:/TInew/pdk_C6678_1_1_2_6/packages/ti/csl" --include_path="D:/TInew/pdk_C6678_1_1_2_6/packages/ti/platform/evmc6678l/platform_lib/include" --include_path="D:/TInew/uia_1_03_01_08/packages" --gcc --define=_DEBUG --define=_TMS320C6400 --display_error_number --diag_warning=225 --opt_for_speed=3 --preproc_with_compile --preproc_dependency="GenUtil.pp"  "D:/WorkLocation/Code_736/Code_736/src/steLib/genutil/src/GenUtil.c"
'Finished building: D:/WorkLocation/Code_736/Code_736/src/steLib/genutil/src/GenUtil.c'
' '
'Building file: D:/WorkLocation/Code_736/Code_736/src/steLib/genutil/src/HashTbl.c'
'Invoking: C6000 Compiler'
"D:/TInew/ccsv5/tools/compiler/c6000_7.4.4/bin/cl6x" -mv6600 --abi=eabi -O2 -g --include_path="D:/TInew/ipc_3_21_00_07/packages" --include_path="D:/TInew/ccsv5/tools/compiler/c6000_7.4.4/include" --include_path="D:/WorkLocation/Code_736/Code_736/src/steLib/genutil/include" --include_path="D:/WorkLocation/Code_736/Code_736/src/include" --include_path="D:/WorkLocation/Code_736/Code_736/src/steMgr/arfcn/include" --include_path="D:/WorkLocation/Code_736/Code_736/src/steLib/gsmutil/include" --include_path="D:/WorkLocation/Code_736/Code_736/src/steLib/commandIf/include" --include_path="D:/WorkLocation/Code_736/Code_736/src/steDrv/platform/include" --include_path="D:/WorkLocation/Code_736/Code_736/src/steMgr/dataIf/include" --include_path="D:/WorkLocation/Code_736/Code_736/src/steMgr/diagIf/include" --include_path="D:/WorkLocation/Code_736/Code_736/src/steMgr/status/include" --include_path="D:/WorkLocation/Code_736/Code_736/src/3rdparty/gsmL1/include" --include_path="D:/TInew/xdctools_3_25_03_72/packages" --include_path="D:/TInew/bios_6_37_02_27/packages" --include_path="D:/TInew/pdk_C6678_1_1_2_6/packages" --include_path="D:/TInew/pdk_C6678_1_1_2_6/packages/ti/csl" --include_path="D:/TInew/pdk_C6678_1_1_2_6/packages/ti/platform/evmc6678l/platform_lib/include" --include_path="D:/TInew/uia_1_03_01_08/packages" --gcc --define=_DEBUG --define=_TMS320C6400 --display_error_number --diag_warning=225 --opt_for_speed=3 --preproc_with_compile --preproc_dependency="HashTbl.pp"  "D:/WorkLocation/Code_736/Code_736/src/steLib/genutil/src/HashTbl.c"
'Finished building: D:/WorkLocation/Code_736/Code_736/src/steLib/genutil/src/HashTbl.c'
' '
'Building file: D:/WorkLocation/Code_736/Code_736/src/steLib/genutil/src/Hsem.c'
'Invoking: C6000 Compiler'
"D:/TInew/ccsv5/tools/compiler/c6000_7.4.4/bin/cl6x" -mv6600 --abi=eabi -O2 -g --include_path="D:/TInew/ipc_3_21_00_07/packages" --include_path="D:/TInew/ccsv5/tools/compiler/c6000_7.4.4/include" --include_path="D:/WorkLocation/Code_736/Code_736/src/steLib/genutil/include" --include_path="D:/WorkLocation/Code_736/Code_736/src/include" --include_path="D:/WorkLocation/Code_736/Code_736/src/steMgr/arfcn/include" --include_path="D:/WorkLocation/Code_736/Code_736/src/steLib/gsmutil/include" --include_path="D:/WorkLocation/Code_736/Code_736/src/steLib/commandIf/include" --include_path="D:/WorkLocation/Code_736/Code_736/src/steDrv/platform/include" --include_path="D:/WorkLocation/Code_736/Code_736/src/steMgr/dataIf/include" --include_path="D:/WorkLocation/Code_736/Code_736/src/steMgr/diagIf/include" --include_path="D:/WorkLocation/Code_736/Code_736/src/steMgr/status/include" --include_path="D:/WorkLocation/Code_736/Code_736/src/3rdparty/gsmL1/include" --include_path="D:/TInew/xdctools_3_25_03_72/packages" --include_path="D:/TInew/bios_6_37_02_27/packages" --include_path="D:/TInew/pdk_C6678_1_1_2_6/packages" --include_path="D:/TInew/pdk_C6678_1_1_2_6/packages/ti/csl" --include_path="D:/TInew/pdk_C6678_1_1_2_6/packages/ti/platform/evmc6678l/platform_lib/include" --include_path="D:/TInew/uia_1_03_01_08/packages" --gcc --define=_DEBUG --define=_TMS320C6400 --display_error_number --diag_warning=225 --opt_for_speed=3 --preproc_with_compile --preproc_dependency="Hsem.pp"  "D:/WorkLocation/Code_736/Code_736/src/steLib/genutil/src/Hsem.c"
'Finished building: D:/WorkLocation/Code_736/Code_736/src/steLib/genutil/src/Hsem.c'
' '
'Building file: D:/WorkLocation/Code_736/Code_736/src/steLib/genutil/src/IIPC.c'
'Invoking: C6000 Compiler'
"D:/TInew/ccsv5/tools/compiler/c6000_7.4.4/bin/cl6x" -mv6600 --abi=eabi -O2 -g --include_path="D:/TInew/ipc_3_21_00_07/packages" --include_path="D:/TInew/ccsv5/tools/compiler/c6000_7.4.4/include" --include_path="D:/WorkLocation/Code_736/Code_736/src/steLib/genutil/include" --include_path="D:/WorkLocation/Code_736/Code_736/src/include" --include_path="D:/WorkLocation/Code_736/Code_736/src/steMgr/arfcn/include" --include_path="D:/WorkLocation/Code_736/Code_736/src/steLib/gsmutil/include" --include_path="D:/WorkLocation/Code_736/Code_736/src/steLib/commandIf/include" --include_path="D:/WorkLocation/Code_736/Code_736/src/steDrv/platform/include" --include_path="D:/WorkLocation/Code_736/Code_736/src/steMgr/dataIf/include" --include_path="D:/WorkLocation/Code_736/Code_736/src/steMgr/diagIf/include" --include_path="D:/WorkLocation/Code_736/Code_736/src/steMgr/status/include" --include_path="D:/WorkLocation/Code_736/Code_736/src/3rdparty/gsmL1/include" --include_path="D:/TInew/xdctools_3_25_03_72/packages" --include_path="D:/TInew/bios_6_37_02_27/packages" --include_path="D:/TInew/pdk_C6678_1_1_2_6/packages" --include_path="D:/TInew/pdk_C6678_1_1_2_6/packages/ti/csl" --include_path="D:/TInew/pdk_C6678_1_1_2_6/packages/ti/platform/evmc6678l/platform_lib/include" --include_path="D:/TInew/uia_1_03_01_08/packages" --gcc --define=_DEBUG --define=_TMS320C6400 --display_error_number --diag_warning=225 --opt_for_speed=3 --preproc_with_compile --preproc_dependency="IIPC.pp"  "D:/WorkLocation/Code_736/Code_736/src/steLib/genutil/src/IIPC.c"
'Finished building: D:/WorkLocation/Code_736/Code_736/src/steLib/genutil/src/IIPC.c'
' '
'Building file: D:/WorkLocation/Code_736/Code_736/src/steLib/genutil/src/SysTime.c'
'Invoking: C6000 Compiler'
"D:/TInew/ccsv5/tools/compiler/c6000_7.4.4/bin/cl6x" -mv6600 --abi=eabi -O2 -g --include_path="D:/TInew/ipc_3_21_00_07/packages" --include_path="D:/TInew/ccsv5/tools/compiler/c6000_7.4.4/include" --include_path="D:/WorkLocation/Code_736/Code_736/src/steLib/genutil/include" --include_path="D:/WorkLocation/Code_736/Code_736/src/include" --include_path="D:/WorkLocation/Code_736/Code_736/src/steMgr/arfcn/include" --include_path="D:/WorkLocation/Code_736/Code_736/src/steLib/gsmutil/include" --include_path="D:/WorkLocation/Code_736/Code_736/src/steLib/commandIf/include" --include_path="D:/WorkLocation/Code_736/Code_736/src/steDrv/platform/include" --include_path="D:/WorkLocation/Code_736/Code_736/src/steMgr/dataIf/include" --include_path="D:/WorkLocation/Code_736/Code_736/src/steMgr/diagIf/include" --include_path="D:/WorkLocation/Code_736/Code_736/src/steMgr/status/include" --include_path="D:/WorkLocation/Code_736/Code_736/src/3rdparty/gsmL1/include" --include_path="D:/TInew/xdctools_3_25_03_72/packages" --include_path="D:/TInew/bios_6_37_02_27/packages" --include_path="D:/TInew/pdk_C6678_1_1_2_6/packages" --include_path="D:/TInew/pdk_C6678_1_1_2_6/packages/ti/csl" --include_path="D:/TInew/pdk_C6678_1_1_2_6/packages/ti/platform/evmc6678l/platform_lib/include" --include_path="D:/TInew/uia_1_03_01_08/packages" --gcc --define=_DEBUG --define=_TMS320C6400 --display_error_number --diag_warning=225 --opt_for_speed=3 --preproc_with_compile --preproc_dependency="SysTime.pp"  "D:/WorkLocation/Code_736/Code_736/src/steLib/genutil/src/SysTime.c"
'Finished building: D:/WorkLocation/Code_736/Code_736/src/steLib/genutil/src/SysTime.c'
' '
'Building file: D:/WorkLocation/Code_736/Code_736/src/steLib/genutil/src/Task.c'
'Invoking: C6000 Compiler'
"D:/TInew/ccsv5/tools/compiler/c6000_7.4.4/bin/cl6x" -mv6600 --abi=eabi -O2 -g --include_path="D:/TInew/ipc_3_21_00_07/packages" --include_path="D:/TInew/ccsv5/tools/compiler/c6000_7.4.4/include" --include_path="D:/WorkLocation/Code_736/Code_736/src/steLib/genutil/include" --include_path="D:/WorkLocation/Code_736/Code_736/src/include" --include_path="D:/WorkLocation/Code_736/Code_736/src/steMgr/arfcn/include" --include_path="D:/WorkLocation/Code_736/Code_736/src/steLib/gsmutil/include" --include_path="D:/WorkLocation/Code_736/Code_736/src/steLib/commandIf/include" --include_path="D:/WorkLocation/Code_736/Code_736/src/steDrv/platform/include" --include_path="D:/WorkLocation/Code_736/Code_736/src/steMgr/dataIf/include" --include_path="D:/WorkLocation/Code_736/Code_736/src/steMgr/diagIf/include" --include_path="D:/WorkLocation/Code_736/Code_736/src/steMgr/status/include" --include_path="D:/WorkLocation/Code_736/Code_736/src/3rdparty/gsmL1/include" --include_path="D:/TInew/xdctools_3_25_03_72/packages" --include_path="D:/TInew/bios_6_37_02_27/packages" --include_path="D:/TInew/pdk_C6678_1_1_2_6/packages" --include_path="D:/TInew/pdk_C6678_1_1_2_6/packages/ti/csl" --include_path="D:/TInew/pdk_C6678_1_1_2_6/packages/ti/platform/evmc6678l/platform_lib/include" --include_path="D:/TInew/uia_1_03_01_08/packages" --gcc --define=_DEBUG --define=_TMS320C6400 --display_error_number --diag_warning=225 --opt_for_speed=3 --preproc_with_compile --preproc_dependency="Task.pp"  "D:/WorkLocation/Code_736/Code_736/src/steLib/genutil/src/Task.c"
'Finished building: D:/WorkLocation/Code_736/Code_736/src/steLib/genutil/src/Task.c'
' '
'Building target: D:\WorkLocation\Code_736\Code_736\src\steLib\genutil/Out/GenUtil.lib'
'Invoking: C6000 Archiver'
"D:/TInew/ccsv5/tools/compiler/c6000_7.4.4/bin/ar6x" r "D:\WorkLocation\Code_736\Code_736\src\steLib\genutil/Out/GenUtil.lib"  "./Task.obj" "./SysTime.obj" "./IIPC.obj" "./Hsem.obj" "./HashTbl.obj" "./GenUtil.obj" "./FIFO.obj" 
  ==>  new archive 'D:\WorkLocation\Code_736\Code_736\src\steLib\genutil/Out/GenUtil.lib'
  ==>  building archive 'D:\WorkLocation\Code_736\Code_736\src\steLib\genutil/Out/GenUtil.lib'
'Finished building target: D:\WorkLocation\Code_736\Code_736\src\steLib\genutil/Out/GenUtil.lib'
' '

**** Build Finished ****
