
**** Build of configuration Debug for project GSMUtil ****

"D:\\TInew\\ccsv5\\utils\\bin\\gmake" -k all 
'Building file: D:/WorkLocation/Code_736/Code_736/src/steLib/gsmutil/src/Burst.c'
'Invoking: C6000 Compiler'
"D:/TInew/ccsv5/tools/compiler/c6000_7.4.4/bin/cl6x" -mv6600 --abi=eabi -O2 -g --include_path="D:/WorkLocation/Code_736/Code_736/src/steLib/gsmutil/include" --include_path="D:/WorkLocation/Code_736/Code_736/src/include" --include_path="D:/WorkLocation/Code_736/Code_736/src/3rdParty/gsmL1/include" --include_path="D:/WorkLocation/Code_736/Code_736/src/stedrv/platform/include" --include_path="D:/WorkLocation/Code_736/Code_736/src/stemgr/dataif/include" --include_path="D:/WorkLocation/Code_736/Code_736/src/stemgr/arfcn/include" --include_path="D:/WorkLocation/Code_736/Code_736/src/steLib/commandif/include" --include_path="D:/WorkLocation/Code_736/Code_736/src/stemgr/include" --include_path="D:/WorkLocation/Code_736/Code_736/src/steLib/genutil/include" --include_path="D:/WorkLocation/Code_736/Code_736/src/steLib/gsmutil" --include_path="D:/TInew/xdctools_3_25_03_72/packages" --include_path="D:/TInew/ccsv5/tools/compiler/c6000_7.4.4/include" --include_path="D:/TInew/pdk_C6678_1_1_2_6/packages/ti/csl" --include_path="D:/TInew/pdk_C6678_1_1_2_6/packages" --include_path="D:/TInew/bios_6_37_02_27/packages" --include_path="D:/TInew/uia_1_03_01_08/packages" --gcc --define=_DEBUG --define=_TMS320C6400 --display_error_number --diag_warning=225 --opt_for_speed=3 --preproc_with_compile --preproc_dependency="Burst.pp"  "D:/WorkLocation/Code_736/Code_736/src/steLib/gsmutil/src/Burst.c"
'Finished building: D:/WorkLocation/Code_736/Code_736/src/steLib/gsmutil/src/Burst.c'
' '
'Building file: D:/WorkLocation/Code_736/Code_736/src/steLib/gsmutil/src/Clock.c'
'Invoking: C6000 Compiler'
"D:/TInew/ccsv5/tools/compiler/c6000_7.4.4/bin/cl6x" -mv6600 --abi=eabi -O2 -g --include_path="D:/WorkLocation/Code_736/Code_736/src/steLib/gsmutil/include" --include_path="D:/WorkLocation/Code_736/Code_736/src/include" --include_path="D:/WorkLocation/Code_736/Code_736/src/3rdParty/gsmL1/include" --include_path="D:/WorkLocation/Code_736/Code_736/src/stedrv/platform/include" --include_path="D:/WorkLocation/Code_736/Code_736/src/stemgr/dataif/include" --include_path="D:/WorkLocation/Code_736/Code_736/src/stemgr/arfcn/include" --include_path="D:/WorkLocation/Code_736/Code_736/src/steLib/commandif/include" --include_path="D:/WorkLocation/Code_736/Code_736/src/stemgr/include" --include_path="D:/WorkLocation/Code_736/Code_736/src/steLib/genutil/include" --include_path="D:/WorkLocation/Code_736/Code_736/src/steLib/gsmutil" --include_path="D:/TInew/xdctools_3_25_03_72/packages" --include_path="D:/TInew/ccsv5/tools/compiler/c6000_7.4.4/include" --include_path="D:/TInew/pdk_C6678_1_1_2_6/packages/ti/csl" --include_path="D:/TInew/pdk_C6678_1_1_2_6/packages" --include_path="D:/TInew/bios_6_37_02_27/packages" --include_path="D:/TInew/uia_1_03_01_08/packages" --gcc --define=_DEBUG --define=_TMS320C6400 --display_error_number --diag_warning=225 --opt_for_speed=3 --preproc_with_compile --preproc_dependency="Clock.pp"  "D:/WorkLocation/Code_736/Code_736/src/steLib/gsmutil/src/Clock.c"
'Finished building: D:/WorkLocation/Code_736/Code_736/src/steLib/gsmutil/src/Clock.c'
' '
'Building file: D:/WorkLocation/Code_736/Code_736/src/steLib/gsmutil/src/GSMTime.c'
'Invoking: C6000 Compiler'
"D:/TInew/ccsv5/tools/compiler/c6000_7.4.4/bin/cl6x" -mv6600 --abi=eabi -O2 -g --include_path="D:/WorkLocation/Code_736/Code_736/src/steLib/gsmutil/include" --include_path="D:/WorkLocation/Code_736/Code_736/src/include" --include_path="D:/WorkLocation/Code_736/Code_736/src/3rdParty/gsmL1/include" --include_path="D:/WorkLocation/Code_736/Code_736/src/stedrv/platform/include" --include_path="D:/WorkLocation/Code_736/Code_736/src/stemgr/dataif/include" --include_path="D:/WorkLocation/Code_736/Code_736/src/stemgr/arfcn/include" --include_path="D:/WorkLocation/Code_736/Code_736/src/steLib/commandif/include" --include_path="D:/WorkLocation/Code_736/Code_736/src/stemgr/include" --include_path="D:/WorkLocation/Code_736/Code_736/src/steLib/genutil/include" --include_path="D:/WorkLocation/Code_736/Code_736/src/steLib/gsmutil" --include_path="D:/TInew/xdctools_3_25_03_72/packages" --include_path="D:/TInew/ccsv5/tools/compiler/c6000_7.4.4/include" --include_path="D:/TInew/pdk_C6678_1_1_2_6/packages/ti/csl" --include_path="D:/TInew/pdk_C6678_1_1_2_6/packages" --include_path="D:/TInew/bios_6_37_02_27/packages" --include_path="D:/TInew/uia_1_03_01_08/packages" --gcc --define=_DEBUG --define=_TMS320C6400 --display_error_number --diag_warning=225 --opt_for_speed=3 --preproc_with_compile --preproc_dependency="GSMTime.pp"  "D:/WorkLocation/Code_736/Code_736/src/steLib/gsmutil/src/GSMTime.c"
'Finished building: D:/WorkLocation/Code_736/Code_736/src/steLib/gsmutil/src/GSMTime.c'
' '
'Building file: D:/WorkLocation/Code_736/Code_736/src/steLib/gsmutil/src/L1FEC.c'
'Invoking: C6000 Compiler'
"D:/TInew/ccsv5/tools/compiler/c6000_7.4.4/bin/cl6x" -mv6600 --abi=eabi -O2 -g --include_path="D:/WorkLocation/Code_736/Code_736/src/steLib/gsmutil/include" --include_path="D:/WorkLocation/Code_736/Code_736/src/include" --include_path="D:/WorkLocation/Code_736/Code_736/src/3rdParty/gsmL1/include" --include_path="D:/WorkLocation/Code_736/Code_736/src/stedrv/platform/include" --include_path="D:/WorkLocation/Code_736/Code_736/src/stemgr/dataif/include" --include_path="D:/WorkLocation/Code_736/Code_736/src/stemgr/arfcn/include" --include_path="D:/WorkLocation/Code_736/Code_736/src/steLib/commandif/include" --include_path="D:/WorkLocation/Code_736/Code_736/src/stemgr/include" --include_path="D:/WorkLocation/Code_736/Code_736/src/steLib/genutil/include" --include_path="D:/WorkLocation/Code_736/Code_736/src/steLib/gsmutil" --include_path="D:/TInew/xdctools_3_25_03_72/packages" --include_path="D:/TInew/ccsv5/tools/compiler/c6000_7.4.4/include" --include_path="D:/TInew/pdk_C6678_1_1_2_6/packages/ti/csl" --include_path="D:/TInew/pdk_C6678_1_1_2_6/packages" --include_path="D:/TInew/bios_6_37_02_27/packages" --include_path="D:/TInew/uia_1_03_01_08/packages" --gcc --define=_DEBUG --define=_TMS320C6400 --display_error_number --diag_warning=225 --opt_for_speed=3 --preproc_with_compile --preproc_dependency="L1FEC.pp"  "D:/WorkLocation/Code_736/Code_736/src/steLib/gsmutil/src/L1FEC.c"
'Finished building: D:/WorkLocation/Code_736/Code_736/src/steLib/gsmutil/src/L1FEC.c'
' '
'Building file: D:/WorkLocation/Code_736/Code_736/src/steLib/gsmutil/src/TDFrm.c'
'Invoking: C6000 Compiler'
"D:/TInew/ccsv5/tools/compiler/c6000_7.4.4/bin/cl6x" -mv6600 --abi=eabi -O2 -g --include_path="D:/WorkLocation/Code_736/Code_736/src/steLib/gsmutil/include" --include_path="D:/WorkLocation/Code_736/Code_736/src/include" --include_path="D:/WorkLocation/Code_736/Code_736/src/3rdParty/gsmL1/include" --include_path="D:/WorkLocation/Code_736/Code_736/src/stedrv/platform/include" --include_path="D:/WorkLocation/Code_736/Code_736/src/stemgr/dataif/include" --include_path="D:/WorkLocation/Code_736/Code_736/src/stemgr/arfcn/include" --include_path="D:/WorkLocation/Code_736/Code_736/src/steLib/commandif/include" --include_path="D:/WorkLocation/Code_736/Code_736/src/stemgr/include" --include_path="D:/WorkLocation/Code_736/Code_736/src/steLib/genutil/include" --include_path="D:/WorkLocation/Code_736/Code_736/src/steLib/gsmutil" --include_path="D:/TInew/xdctools_3_25_03_72/packages" --include_path="D:/TInew/ccsv5/tools/compiler/c6000_7.4.4/include" --include_path="D:/TInew/pdk_C6678_1_1_2_6/packages/ti/csl" --include_path="D:/TInew/pdk_C6678_1_1_2_6/packages" --include_path="D:/TInew/bios_6_37_02_27/packages" --include_path="D:/TInew/uia_1_03_01_08/packages" --gcc --define=_DEBUG --define=_TMS320C6400 --display_error_number --diag_warning=225 --opt_for_speed=3 --preproc_with_compile --preproc_dependency="TDFrm.pp"  "D:/WorkLocation/Code_736/Code_736/src/steLib/gsmutil/src/TDFrm.c"
'Finished building: D:/WorkLocation/Code_736/Code_736/src/steLib/gsmutil/src/TDFrm.c'
' '
'Building file: D:/WorkLocation/Code_736/Code_736/src/steLib/gsmutil/src/TDFrmTbl.c'
'Invoking: C6000 Compiler'
"D:/TInew/ccsv5/tools/compiler/c6000_7.4.4/bin/cl6x" -mv6600 --abi=eabi -O2 -g --include_path="D:/WorkLocation/Code_736/Code_736/src/steLib/gsmutil/include" --include_path="D:/WorkLocation/Code_736/Code_736/src/include" --include_path="D:/WorkLocation/Code_736/Code_736/src/3rdParty/gsmL1/include" --include_path="D:/WorkLocation/Code_736/Code_736/src/stedrv/platform/include" --include_path="D:/WorkLocation/Code_736/Code_736/src/stemgr/dataif/include" --include_path="D:/WorkLocation/Code_736/Code_736/src/stemgr/arfcn/include" --include_path="D:/WorkLocation/Code_736/Code_736/src/steLib/commandif/include" --include_path="D:/WorkLocation/Code_736/Code_736/src/stemgr/include" --include_path="D:/WorkLocation/Code_736/Code_736/src/steLib/genutil/include" --include_path="D:/WorkLocation/Code_736/Code_736/src/steLib/gsmutil" --include_path="D:/TInew/xdctools_3_25_03_72/packages" --include_path="D:/TInew/ccsv5/tools/compiler/c6000_7.4.4/include" --include_path="D:/TInew/pdk_C6678_1_1_2_6/packages/ti/csl" --include_path="D:/TInew/pdk_C6678_1_1_2_6/packages" --include_path="D:/TInew/bios_6_37_02_27/packages" --include_path="D:/TInew/uia_1_03_01_08/packages" --gcc --define=_DEBUG --define=_TMS320C6400 --display_error_number --diag_warning=225 --opt_for_speed=3 --preproc_with_compile --preproc_dependency="TDFrmTbl.pp"  "D:/WorkLocation/Code_736/Code_736/src/steLib/gsmutil/src/TDFrmTbl.c"
'Finished building: D:/WorkLocation/Code_736/Code_736/src/steLib/gsmutil/src/TDFrmTbl.c'
' '
'Building target: D:\WorkLocation\Code_736\Code_736\src\steLib\gsmutil/Out/GsmUtil.lib'
'Invoking: C6000 Archiver'
"D:/TInew/ccsv5/tools/compiler/c6000_7.4.4/bin/ar6x" r "D:\WorkLocation\Code_736\Code_736\src\steLib\gsmutil/Out/GsmUtil.lib"  "./TDFrmTbl.obj" "./TDFrm.obj" "./L1FEC.obj" "./GSMTime.obj" "./Clock.obj" "./Burst.obj" 
  ==>  new archive 'D:\WorkLocation\Code_736\Code_736\src\steLib\gsmutil/Out/GsmUtil.lib'
  ==>  building archive 'D:\WorkLocation\Code_736\Code_736\src\steLib\gsmutil/Out/GsmUtil.lib'
'Finished building target: D:\WorkLocation\Code_736\Code_736\src\steLib\gsmutil/Out/GsmUtil.lib'
' '

**** Build Finished ****
