
**** Build of configuration Debug for project TRS_appC0 ****

"D:\\TInew\\ccsv5\\utils\\bin\\gmake" -k -j 4 all 
'Building file: ../TRS_SYSBIOS.cfg'
'Invoking: XDCtools'
"D:/TInew/xdctools_3_25_03_72/xs" --xdcpath="D:/TInew/bios_6_37_02_27/packages;D:/TInew/pdk_C6678_1_1_2_6/packages;D:/TInew/uia_1_03_01_08/packages;D:/TInew/ccsv5/ccs_base;D:/WorkLocation/TRS_MEM_PARTITION;D:/TInew/ipc_3_21_00_07/packages;D:/TInew/xdctools_3_25_03_72;" xdc.tools.configuro -o configPkg -t ti.targets.elf.C66 -p myBoard_Core0_m -r debug -c "D:/TInew/ccsv5/tools/compiler/c6000_7.4.4" "../TRS_SYSBIOS.cfg"
making package.mak (because of package.bld) ...
generating interfaces for package configPkg (because package/package.xdc.inc is older than package.xdc) ...
configuring TRS_SYSBIOS.xe66 from package/cfg/TRS_SYSBIOS_pe66.cfg ...
generating custom ti.sysbios library makefile ... 
generating custom ti.sdo.utils library makefile ...
generating custom ti.sdo.ipc library makefile ...
Starting build of library sources ...
making D:/WorkLocation/Projects/TRS_appC0/src/ipc.ae66 ...
making D:/WorkLocation/Projects/TRS_appC0/src/utils.ae66 ...
making D:/WorkLocation/Projects/TRS_appC0/src/sysbios.ae66 ...
Build of libraries done.
cle66 package/cfg/TRS_SYSBIOS_pe66.c ...
'Finished building: ../TRS_SYSBIOS.cfg'
' '
'Building file: D:/WorkLocation/Code_736/Code_736/src/steApp/src/EthBuff.c'
'Building file: D:/WorkLocation/Code_736/Code_736/src/steApp/src/HeapMem.c'
'Building file: D:/WorkLocation/Code_736/Code_736/src/steApp/src/MemMgr.c'
'Building file: D:/WorkLocation/Code_736/Code_736/src/steApp/src/ModMgr.c'
'Invoking: C6000 Compiler'
'Invoking: C6000 Compiler'
'Invoking: C6000 Compiler'
"D:/TInew/ccsv5/tools/compiler/c6000_7.4.4/bin/cl6x" -mv6600 --abi=eabi -O2 -ms0 -g --include_path="D:/TInew/ccsv5/tools/compiler/c6000_7.4.4/include" --include_path="D:/WorkLocation/Code_736/Code_736/src/steLib/gsmutil/include" --include_path="D:/WorkLocation/Code_736/Code_736/src/steApp/include" --include_path="D:/WorkLocation/Code_736/Code_736/src/include" --include_path="D:/WorkLocation/Code_736/Code_736/src/steLib/genutil/include" --include_path="D:/WorkLocation/Code_736/Code_736/src/steMgr/arfcn/include" --include_path="D:/WorkLocation/Code_736/Code_736/src/3rdparty/gsmL1/include" --include_path="D:/WorkLocation/Code_736/Code_736/src/steLib/commandIf/include" --include_path="D:/WorkLocation/Code_736/Code_736/src/steMgr/dataif/include" --include_path="D:/WorkLocation/Code_736/Code_736/src/steMgr/include" --include_path="D:/WorkLocation/Code_736/Code_736/src/steMgr/Commandif/include" --include_path="D:/WorkLocation/Code_736/Code_736/src/stemgr/status/include" --include_path="D:/WorkLocation/Code_736/Code_736/src/stedrv/platform/include" --include_path="D:/WorkLocation/Code_736/Code_736/src/steMgr/diagIf/include" --include_path="D:/TInew/pdk_C6678_1_1_2_6/packages/ti/platform/evmc6678l/platform_lib/include" --include_path="D:/TInew/pdk_C6678_1_1_2_6/packages/ti/csl" --gcc --define=_CORE0 --define=_TMS320C6400 --display_error_number --diag_warning=225 --opt_for_speed=3 --gen_opt_info=0 --call_assumptions=0 --preproc_with_compile --preproc_dependency="EthBuff.pp" --cmd_file="./configPkg/compiler.opt"  "D:/WorkLocation/Code_736/Code_736/src/steApp/src/EthBuff.c"
"D:/TInew/ccsv5/tools/compiler/c6000_7.4.4/bin/cl6x" -mv6600 --abi=eabi -O2 -ms0 -g --include_path="D:/TInew/ccsv5/tools/compiler/c6000_7.4.4/include" --include_path="D:/WorkLocation/Code_736/Code_736/src/steLib/gsmutil/include" --include_path="D:/WorkLocation/Code_736/Code_736/src/steApp/include" --include_path="D:/WorkLocation/Code_736/Code_736/src/include" --include_path="D:/WorkLocation/Code_736/Code_736/src/steLib/genutil/include" --include_path="D:/WorkLocation/Code_736/Code_736/src/steMgr/arfcn/include" --include_path="D:/WorkLocation/Code_736/Code_736/src/3rdparty/gsmL1/include" --include_path="D:/WorkLocation/Code_736/Code_736/src/steLib/commandIf/include" --include_path="D:/WorkLocation/Code_736/Code_736/src/steMgr/dataif/include" --include_path="D:/WorkLocation/Code_736/Code_736/src/steMgr/include" --include_path="D:/WorkLocation/Code_736/Code_736/src/steMgr/Commandif/include" --include_path="D:/WorkLocation/Code_736/Code_736/src/stemgr/status/include" --include_path="D:/WorkLocation/Code_736/Code_'Invoking: C6000 Compiler'
736/src/stedrv/platform/include" --include_path="D:/WorkLocation/Code_736/Code_736/src/steMgr/diagIf/include" --include_path="D:/TInew/pdk_C6678_1_1_2_6/packages/ti/platform/evmc6678l/platform_lib/include" --include_path="D:/TInew/pdk_C6678_1_1_2_6/packages/ti/csl" --gcc --define=_CORE0 --define=_TMS320C6400 --display_error_number --diag_warning=225 --opt_for_speed=3 --gen_opt_info=0 --call_assumptions=0 --preproc_with_compile --preproc_dependency="HeapMem.pp" --cmd_file="./configPkg/compiler.opt"  "D:/WorkLocation/Code_736/Code_736/src/steApp/src/HeapMem.c"
"D:/TInew/ccsv5/tools/compiler/c6000_7.4.4/bin/cl6x" -mv6600 --abi=eabi -O2 -ms0 -g --include_path="D:/TInew/ccsv5/tools/compiler/c6000_7.4.4/include" --include_path="D:/WorkLocation/Code_736/Code_736/src/steLib/gsmutil/include" --include_path="D:/WorkLocation/Code_736/Code_736/src/steApp/include" --include_path="D:/WorkLocation/Code_736/Code_736/src/include" --include_path="D:/WorkLocation/Code_736/Code_736/src/steLib/genutil/include" --include_path="D:/WorkLocation/Code_736/Code_736/src/steMgr/arfcn/include" --include_path="D:/WorkLocation/Code_736/Code_736/src/3rdparty/gsmL1/include" --include_path="D:/WorkLocation/Code_736/Code_736/src/steLib/commandIf/include" --include_path="D:/WorkLocation/Code_736/Code_736/src/steMgr/dataif/include" --include_path="D:/WorkLocation/Code_736/Code_736/src/steMgr/include" --include_path="D:/WorkLocation/Code_736/Code_736/src/steMgr/Commandif/include" --include_path="D:/WorkLocation/Code_736/Code_736/src/stemgr/status/include" --include_path="D:/WorkLocation/Code_736/Code_736/src/stedrv/platform/include" --include_path="D:/WorkLocation/Code_736/Code_736/src/steMgr/diagIf/include" --include_path="D:/TInew/pdk_C6678_1_1_2_6/packages/ti/platform/evmc6678l/platform_lib/include" --include_path="D:/TInew/pdk_C6678_1_1_2_6/packages/ti/csl" --gcc --define=_CORE0 --define=_TMS320C6400 --display_error_number --diag_warning=225 --opt_for_speed=3 --gen_opt_info=0 --call_assumptions=0 --preproc_with_compile --preproc_dependency="MemMgr.pp" --cmd_file="./configPkg/compiler.opt"  "D:/WorkLocation/Code_736/Code_736/src/steApp/src/MemMgr.c"
"D:/TInew/ccsv5/tools/compiler/c6000_7.4.4/bin/cl6x" -mv6600 --abi=eabi -O2 -ms0 -g --include_path="D:/TInew/ccsv5/tools/compiler/c6000_7.4.4/include" --include_path="D:/WorkLocation/Code_736/Code_736/src/steLib/gsmutil/include" --include_path="D:/WorkLocation/Code_736/Code_736/src/steApp/include" --include_path="D:/WorkLocation/Code_736/Code_736/src/include" --include_path="D:/WorkLocation/Code_736/Code_736/src/steLib/genutil/include" --include_path="D:/WorkLocation/Code_736/Code_736/src/steMgr/arfcn/include" --include_path="D:/WorkLocation/Code_736/Code_736/src/3rdparty/gsmL1/include" --include_path="D:/WorkLocation/Code_736/Code_736/src/steLib/commandIf/include" --include_path="D:/WorkLocation/Code_736/Code_736/src/steMgr/dataif/include" --include_path="D:/WorkLocation/Code_736/Code_736/src/steMgr/include" --include_path="D:/WorkLocation/Code_736/Code_736/src/steMgr/Commandif/include" --include_path="D:/WorkLocation/Code_736/Code_736/src/stemgr/status/include" --include_path="D:/WorkLocation/Code_736/Code_736/src/stedrv/platform/include" --include_path="D:/WorkLocation/Code_736/Code_736/src/steMgr/diagIf/include" --include_path="D:/TInew/pdk_C6678_1_1_2_6/packages/ti/platform/evmc6678l/platform_lib/include" --include_path="D:/TInew/pdk_C6678_1_1_2_6/packages/ti/csl" --gcc --define=_CORE0 --define=_TMS320C6400 --display_error_number --diag_warning=225 --opt_for_speed=3 --gen_opt_info=0 --call_assumptions=0 --preproc_with_compile --preproc_dependency="ModMgr.pp" --cmd_file="./configPkg/compiler.opt"  "D:/WorkLocation/Code_736/Code_736/src/steApp/src/ModMgr.c"
'Finished building: D:/WorkLocation/Code_736/Code_736/src/steApp/src/EthBuff.c'
' '
'Building file: D:/WorkLocation/Code_736/Code_736/src/steMgr/status/src/RxCalib.c'
'Invoking: C6000 Compiler'
"D:/TInew/ccsv5/tools/compiler/c6000_7.4.4/bin/cl6x" -mv6600 --abi=eabi -O2 -ms0 -g --include_path="D:/TInew/ccsv5/tools/compiler/c6000_7.4.4/include" --include_path="D:/WorkLocation/Code_736/Code_736/src/steLib/gsmutil/include" --include_path="D:/WorkLocation/Code_736/Code_736/src/steApp/include" --include_path="D:/WorkLocation/Code_736/Code_736/src/include" --include_path="D:/WorkLocation/Code_736/Code_736/src/steLib/genutil/include" --include_path="D:/WorkLocation/Code_736/Code_736/src/steMgr/arfcn/include" --include_path="D:/WorkLocation/Code_736/Code_736/src/3rdparty/gsmL1/include" --include_path="D:/WorkLocation/Code_736/Code_736/src/steLib/commandIf/include" --include_path="D:/WorkLocation/Code_736/Code_736/src/steMgr/dataif/include" --include_path="D:/WorkLocation/Code_736/Code_736/src/steMgr/include" --include_path="D:/WorkLocation/Code_736/Code_736/src/steMgr/Commandif/include" --include_path="D:/WorkLocation/Code_736/Code_736/src/stemgr/status/include" --include_path="D:/WorkLocation/Code_736/Code_736/src/stedrv/platform/include" --include_path="D:/WorkLocation/Code_736/Code_736/src/steMgr/diagIf/include" --include_path="D:/TInew/pdk_C6678_1_1_2_6/packages/ti/platform/evmc6678l/platform_lib/include" --include_path="D:/TInew/pdk_C6678_1_1_2_6/packages/ti/csl" --gcc --define=_CORE0 --define=_TMS320C6400 --display_error_number --diag_warning=225 --opt_for_speed=3 --gen_opt_info=0 --call_assumptions=0 --preproc_with_compile --preproc_dependency="RxCalib.pp" --cmd_file="./configPkg/compiler.opt"  "D:/WorkLocation/Code_736/Code_736/src/steMgr/status/src/RxCalib.c"
'Finished building: D:/WorkLocation/Code_736/Code_736/src/steApp/src/HeapMem.c'
' '
'Building file: ../Timestamp.c'
'Invoking: C6000 Compiler'
"D:/TInew/ccsv5/tools/compiler/c6000_7.4.4/bin/cl6x" -mv6600 --abi=eabi -O2 -ms0 -g --include_path="D:/TInew/ccsv5/tools/compiler/c6000_7.4.4/include" --include_path="D:/WorkLocation/Code_736/Code_736/src/steLib/gsmutil/include" --include_path="D:/WorkLocation/Code_736/Code_736/src/steApp/include" --include_path="D:/WorkLocation/Code_736/Code_736/src/include" --include_path="D:/WorkLocation/Code_736/Code_736/src/steLib/genutil/include" --include_path="D:/WorkLocation/Code_736/Code_736/src/steMgr/arfcn/include" --include_path="D:/WorkLocation/Code_736/Code_736/src/3rdparty/gsmL1/include" --include_path="D:/WorkLocation/Code_736/Code_736/src/steLib/commandIf/include" --include_path="D:/WorkLocation/Code_736/Code_736/src/steMgr/dataif/include" --include_path="D:/WorkLocation/Code_736/Code_736/src/steMgr/include" --include_path="D:/WorkLocation/Code_736/Code_736/src/steMgr/Commandif/include" --include_path="D:/WorkLocation/Code_736/Code_736/src/stemgr/status/include" --include_path="D:/WorkLocation/Code_736/Code_736/src/stedrv/platform/include" --include_path="D:/WorkLocation/Code_736/Code_736/src/steMgr/diagIf/include" --include_path="D:/TInew/pdk_C6678_1_1_2_6/packages/ti/platform/evmc6678l/platform_lib/include" --include_path="D:/TInew/pdk_C6678_1_1_2_6/packages/ti/csl" --gcc --define=_CORE0 --define=_TMS320C6400 --display_error_number --diag_warning=225 --opt_for_speed=3 --gen_opt_info=0 --call_assumptions=0 --preproc_with_compile --preproc_dependency="Timestamp.pp" --cmd_file="./configPkg/compiler.opt"  "../Timestamp.c"
'Finished building: D:/WorkLocation/Code_736/Code_736/src/steApp/src/MemMgr.c'
' '
'Building file: ../debug_spurious_intr.c'
'Invoking: C6000 Compiler'
"D:/TInew/ccsv5/tools/compiler/c6000_7.4.4/bin/cl6x" -mv6600 --abi=eabi -O2 -ms0 -g --include_path="D:/TInew/ccsv5/tools/compiler/c6000_7.4.4/include" --include_path="D:/WorkLocation/Code_736/Code_736/src/steLib/gsmutil/include" --include_path="D:/WorkLocation/Code_736/Code_736/src/steApp/include" --include_path="D:/WorkLocation/Code_736/Code_736/src/include" --include_path="D:/WorkLocation/Code_736/Code_736/src/steLib/genutil/include" --include_path="D:/WorkLocation/Code_736/Code_736/src/steMgr/arfcn/include" --include_path="D:/WorkLocation/Code_736/Code_736/src/3rdparty/gsmL1/include" --include_path="D:/WorkLocation/Code_736/Code_736/src/steLib/commandIf/include" --include_path="D:/WorkLocation/Code_736/Code_736/src/steMgr/dataif/include" --include_path="D:/WorkLocation/Code_736/Code_736/src/steMgr/include" --include_path="D:/WorkLocation/Code_736/Code_736/src/steMgr/Commandif/include" --include_path="D:/WorkLocation/Code_736/Code_736/src/stemgr/status/include" --include_path="D:/WorkLocation/Code_736/Code_736/src/stedrv/platform/include" --include_path="D:/WorkLocation/Code_736/Code_736/src/steMgr/diagIf/include" --include_path="D:/TInew/pdk_C6678_1_1_2_6/packages/ti/platform/evmc6678l/platform_lib/include" --include_path="D:/TInew/pdk_C6678_1_1_2_6/packages/ti/csl" --gcc --define=_CORE0 --define=_TMS320C6400 --display_error_number --diag_warning=225 --opt_for_speed=3 --gen_opt_info=0 --call_assumptions=0 --preproc_with_compile --preproc_dependency="debug_spurious_intr.pp" --cmd_file="./configPkg/compiler.opt"  "../debug_spurious_intr.c"
'Finished building: D:/WorkLocation/Code_736/Code_736/src/steApp/src/ModMgr.c'
'Finished building: ../Timestamp.c'
' '
' '
'Building file: ../ethernet_log.c'
'Invoking: C6000 Compiler'
"D:/TInew/ccsv5/tools/compiler/c6000_7.4.4/bin/cl6x" -mv6600 --abi=eabi -O2 -ms0 -g --include_path="D:/TInew/ccsv5/tools/compiler/c6000_7.4.4/include" --include_path="D:/WorkLocation/Code_736/Code_736/src/steLib/gsmutil/include" --include_path="D:/WorkLocation/Code_736/Code_736/src/steApp/include" --include_path="D:/WorkLocation/Code_736/Code_736/src/include" --include_path="D:/WorkLocation/Code_736/Code_736/src/steLib/genutil/include" --include_path="D:/WorkLocation/Code_736/Code_736/src/steMgr/arfcn/include" --include_path="D:/WorkLocation/Code_736/Code_736/src/3rdparty/gsmL1/include" --include_path="D:/WorkLocation/Code_736/Code_736/src/steLib/commandIf/include" --include_path="D:/WorkLocation/Code_736/Code_736/src/steMgr/dataif/include" --include_path="D:/WorkLocation/Code_736/Code_736/src/steMgr/include" --include_path="D:/WorkLocation/Code_736/Code_736/src/steMgr/Commandif/include" --include_path="D:/WorkLocation/Code_736/Code_736/src/stemgr/status/include" --include_path="D:/WorkLocation/Code_736/Code_736/src/stedrv/platform/include" --include_path="D:/WorkLocation/Code_736/Code_736/src/steMgr/diagIf/include" --include_path="D:/TInew/pdk_C6678_1_1_2_6/packages/ti/platform/evmc6678l/platform_lib/include" --include_path="D:/TInew/pdk_C6678_1_1_2_6/packages/ti/csl" --gcc --define=_CORE0 --define=_TMS320C6400 --display_error_number --diag_warning=225 --opt_for_speed=3 --gen_opt_info=0 --call_assumptions=0 --preproc_with_compile --preproc_dependency="ethernet_log.pp" --cmd_file="./configPkg/compiler.opt"  "../ethernet_log.c"
'Building file: D:/WorkLocation/Code_736/Code_736/src/steApp/src/main.c'
'Invoking: C6000 Compiler'
"D:/TInew/ccsv5/tools/compiler/c6000_7.4.4/bin/cl6x" -mv6600 --abi=eabi -O2 -ms0 -g --include_path="D:/TInew/ccsv5/tools/compiler/c6000_7.4.4/include" --include_path="D:/WorkLocation/Code_736/Code_736/src/steLib/gsmutil/include" --include_path="D:/WorkLocation/Code_736/Code_736/src/steApp/include" --include_path="D:/WorkLocation/Code_736/Code_736/src/include" --include_path="D:/WorkLocation/Code_736/Code_736/src/steLib/genutil/include" --include_path="D:/WorkLocation/Code_736/Code_736/src/steMgr/arfcn/include" --include_path="D:/WorkLocation/Code_736/Code_736/src/3rdparty/gsmL1/include" --include_path="D:/WorkLocation/Code_736/Code_736/src/steLib/commandIf/include" --include_path="D:/WorkLocation/Code_736/Code_736/src/steMgr/dataif/include" --include_path="D:/WorkLocation/Code_736/Code_736/src/steMgr/include" --include_path="D:/WorkLocation/Code_736/Code_736/src/steMgr/Commandif/include" --include_path="D:/WorkLocation/Code_736/Code_736/src/stemgr/status/include" --include_path="D:/WorkLocation/Code_736/Code_736/src/stedrv/platform/include" --include_path="D:/WorkLocation/Code_736/Code_736/src/steMgr/diagIf/include" --include_path="D:/TInew/pdk_C6678_1_1_2_6/packages/ti/platform/evmc6678l/platform_lib/include" --include_path="D:/TInew/pdk_C6678_1_1_2_6/packages/ti/csl" --gcc --define=_CORE0 --define=_TMS320C6400 --display_error_number --diag_warning=225 --opt_for_speed=3 --gen_opt_info=0 --call_assumptions=0 --preproc_with_compile --preproc_dependency="main.pp" --cmd_file="./configPkg/compiler.opt"  "D:/WorkLocation/Code_736/Code_736/src/steApp/src/main.c"
'Finished building: D:/WorkLocation/Code_736/Code_736/src/steApp/src/main.c'
' '
'Building file: D:/WorkLocation/Code_736/Code_736/src/steMgr/status/src/statmgr.c'
'Invoking: C6000 Compiler'
"D:/TInew/ccsv5/tools/compiler/c6000_7.4.4/bin/cl6x" -mv6600 --abi=eabi -O2 -ms0 -g --include_path="D:/TInew/ccsv5/tools/compiler/c6000_7.4.4/include" --include_path="D:/WorkLocation/Code_736/Code_736/src/steLib/gsmutil/include" --include_path="D:/WorkLocation/Code_736/Code_736/src/steApp/include" --include_path="D:/WorkLocation/Code_736/Code_736/src/include" --include_path="D:/WorkLocation/Code_736/Code_736/src/steLib/genutil/include" --include_path="D:/WorkLocation/Code_736/Code_736/src/steMgr/arfcn/include" --include_path="D:/WorkLocation/Code_736/Code_736/src/3rdparty/gsmL1/include" --include_path="D:/WorkLocation/Code_736/Code_736/src/steLib/commandIf/include" --include_path="D:/WorkLocation/Code_736/Code_736/src/steMgr/dataif/include" --include_path="D:/WorkLocation/Code_736/Code_736/src/steMgr/include" --include_path="D:/WorkLocation/Code_736/Code_736/src/steMgr/Commandif/include" --include_path="D:/WorkLocation/Code_736/Code_736/src/stemgr/status/include" --include_path="D:/WorkLocation/Code_736/Code_736/src/stedrv/platform/include" --include_path="D:/WorkLocation/Code_736/Code_736/src/steMgr/diagIf/include" --include_path="D:/TInew/pdk_C6678_1_1_2_6/packages/ti/platform/evmc6678l/platform_lib/include" --include_path="D:/TInew/pdk_C6678_1_1_2_6/packages/ti/csl" --gcc --define=_CORE0 --define=_TMS320C6400 --display_error_number --diag_warning=225 --opt_for_speed=3 --gen_opt_info=0 --call_assumptions=0 --preproc_with_compile --preproc_dependency="statmgr.pp" --cmd_file="./configPkg/compiler.opt"  "D:/WorkLocation/Code_736/Code_736/src/steMgr/status/src/statmgr.c"
'Finished building: ../debug_spurious_intr.c'
' '
'Building file: D:/WorkLocation/Code_736/Code_736/src/steApp/src/CriticalMem.c'
'Invoking: C6000 Compiler'
"D:/TInew/ccsv5/tools/compiler/c6000_7.4.4/bin/cl6x" -mv6600 --abi=eabi -O2 -ms0 -g --include_path="D:/TInew/ccsv5/tools/compiler/c6000_7.4.4/include" --include_path="D:/WorkLocation/Code_736/Code_736/src/steLib/gsmutil/include" --include_path="D:/WorkLocation/Code_736/Code_736/src/steApp/include" --include_path="D:/WorkLocation/Code_736/Code_736/src/include" --include_path="D:/WorkLocation/Code_736/Code_736/src/steLib/genutil/include" --include_path="D:/WorkLocation/Code_736/Code_736/src/steMgr/arfcn/include" --include_path="D:/WorkLocation/Code_736/Code_736/src/3rdparty/gsmL1/include" --include_path="D:/WorkLocation/Code_736/Code_736/src/steLib/commandIf/include" --include_path="D:/WorkLocation/Code_736/Code_736/src/steMgr/dataif/include" --include_path="D:/WorkLocation/Code_736/Code_736/src/steMgr/include" --include_path="D:/WorkLocation/Code_736/Code_736/src/steMgr/Commandif/include" --include_path="D:/WorkLocation/Code_736/Code_736/src/stemgr/status/include" --include_path="D:/WorkLocation/Code_736/Code_736/src/stedrv/platform/include" --include_path="D:/WorkLocation/Code_736/Code_736/src/steMgr/diagIf/include" --include_path="D:/TInew/pdk_C6678_1_1_2_6/packages/ti/platform/evmc6678l/platform_lib/include" --include_path="D:/TInew/pdk_C6678_1_1_2_6/packages/ti/csl" --gcc --define=_CORE0 --define=_TMS320C6400 --display_error_number --diag_warning=225 --opt_for_speed=3 --gen_opt_info=0 --call_assumptions=0 --preproc_with_compile --preproc_dependency="CriticalMem.pp" --cmd_file="./configPkg/compiler.opt"  "D:/WorkLocation/Code_736/Code_736/src/steApp/src/CriticalMem.c"
'Finished building: D:/WorkLocation/Code_736/Code_736/src/steMgr/status/src/RxCalib.c'
' '
"D:/WorkLocation/Code_736/Code_736/src/steApp/src/CriticalMem.c", line 14: warning #190-D: enumerated type mixed with another type
'Finished building: ../ethernet_log.c'
' '
'Finished building: D:/WorkLocation/Code_736/Code_736/src/steApp/src/CriticalMem.c'
' '
'Finished building: D:/WorkLocation/Code_736/Code_736/src/steMgr/status/src/statmgr.c'
' '
'Building target: TRS_appC0.out'
'Invoking: C6000 Linker'
"D:/TInew/ccsv5/tools/compiler/c6000_7.4.4/bin/cl6x" -mv6600 --abi=eabi -O2 -ms0 -g --gcc --define=_CORE0 --define=_TMS320C6400 --display_error_number --diag_warning=225 --opt_for_speed=3 --gen_opt_info=0 --call_assumptions=0 -z -m"TRS_appC0.map" -i"D:/TInew/ccsv5/tools/compiler/c6000_7.4.4/lib" -i"D:/TInew/pdk_C6678_1_1_2_6/packages/ti/csl/lib" -i"D:/TInew/ccsv5/tools/compiler/c6000_7.4.4/include" --reread_libs --warn_sections --display_error_number --xml_link_info="TRS_appC0_linkInfo.xml" --rom_model --zero_init=off -o "TRS_appC0.out" -l"./configPkg/linker.cmd"  "./statmgr.obj" "./main.obj" "./ethernet_log.obj" "./debug_spurious_intr.obj" "./Timestamp.obj" "./RxCalib.obj" "./ModMgr.obj" "./MemMgr.obj" "./HeapMem.obj" "./EthBuff.obj" "./CriticalMem.obj" -lti.csl.ae66 -l"D:\WorkLocation\Code_736\Code_736\src\steLib\gsmutil\out\GsmUtil.lib" -l"D:\WorkLocation\Code_736\Code_736\src\steLib\genutil\out\GenUtil.lib" -l"D:\WorkLocation\Code_736\Code_736\src\steMgr\commandIf\Out\CmdIfMgr.lib" -l"D:\WorkLocation\Code_736\Code_736\src\steMgr\dataIf\out\DataIf.lib" -l"D:\WorkLocation\Code_736\Code_736\src\steDrv\platform\Out\Platformlib.lib" -l"D:\WorkLocation\Projects\Platformlib_sub\Debug\Platformlib_sub.lib" -l"D:\WorkLocation\Code_736\Code_736\src\steLib\commandIf\Out\CmdIfLib.lib" -lti.csl.intc.ae66 -l"D:\TInew\ccsv5\tools\compiler\c6000_7.4.4\lib\rts6600_elf.lib" -l"D:\TInew\ccsv5\tools\compiler\c6000_7.4.4\lib\libc.a" -l"rts6600_elf.lib" 
<Linking>
'Finished building target: TRS_appC0.out'
' '

**** Build Finished ****
