
**** Build of configuration Debug for project TRS_appC7 ****

"D:\\TInew\\ccsv5\\utils\\bin\\gmake" -k -j 4 all 
'Building file: ../TRS_SYSBIOS.cfg'
'Invoking: XDCtools'
"D:/TInew/xdctools_3_25_03_72/xs" --xdcpath="D:/TInew/bios_6_37_02_27/packages;D:/TInew/pdk_C6678_1_1_2_6/packages;D:/TInew/ipc_3_21_00_07/packages;D:/TInew/uia_1_03_01_08/packages;D:/TInew/ccsv5/ccs_base;D:/WorkLocation/TRS_MEM_PARTITION;D:/TInew/xdctools_3_25_03_72;" xdc.tools.configuro -o configPkg -t ti.targets.elf.C66 -p myBoard_Core7_m -r debug -c "D:/TInew/ccsv5/tools/compiler/c6000_7.4.4" --compileOptions "-g --optimize_with_debug" "../TRS_SYSBIOS.cfg"
making package.mak (because of package.bld) ...
generating interfaces for package configPkg (because package/package.xdc.inc is older than package.xdc) ...
configuring TRS_SYSBIOS.xe66 from package/cfg/TRS_SYSBIOS_pe66.cfg ...
generating custom ti.sysbios library makefile ... 
generating custom ti.sdo.utils library makefile ...
generating custom ti.sdo.ipc library makefile ...
Starting build of library sources ...
making D:/WorkLocation/Projects/TRS_appC7/src/ipc.ae66 ...
cle66 D:/TInew/ipc_3_21_00_07/packages/ti/sdo/ipc/Ipc.c ...
are66 Ipc.obj ...
making D:/WorkLocation/Projects/TRS_appC7/src/utils.ae66 ...
cle66 D:/TInew/ipc_3_21_00_07/packages/ti/sdo/utils/UTILS.c ...
are66 UTILS.obj ...
making D:/WorkLocation/Projects/TRS_appC7/src/sysbios.ae66 ...
cle66 D:/TInew/bios_6_37_02_27/packages/ti/sysbios/BIOS.c ...
asme66 D:/TInew/bios_6_37_02_27/packages/ti/sysbios/family/c64p/Hwi_disp_always.s64P ...
asme66 D:/TInew/bios_6_37_02_27/packages/ti/sysbios/family/c64p/Hwi_asm.s62 ...
asme66 D:/TInew/bios_6_37_02_27/packages/ti/sysbios/family/c64p/Hwi_asm_switch.s62 ...
asme66 D:/TInew/bios_6_37_02_27/packages/ti/sysbios/family/c64p/Clobber_asm.s62 ...
asme66 D:/TInew/bios_6_37_02_27/packages/ti/sysbios/family/c64p/Exception_asm.s64P ...
asme66 D:/TInew/bios_6_37_02_27/packages/ti/sysbios/family/c64p/MemoryProtect_asm.s64P ...
asme66 D:/TInew/bios_6_37_02_27/packages/ti/sysbios/family/c62/TaskSupport_asm.s62 ...
asme66 D:/TInew/bios_6_37_02_27/packages/ti/sysbios/timers/timer64/Timer_asm.s64P ...
asme66 D:/TInew/bios_6_37_02_27/packages/ti/sysbios/timers/dmtimer/Timer_asm.s64P ...
asme66 D:/TInew/bios_6_37_02_27/packages/ti/sysbios/../sk/sk_cwrap.asm ...
are66 BIOS.obj c64p_Hwi_disp_always.obj c64p_Hwi_asm.obj c64p_Hwi_asm_switch.obj c64p_Clobber_asm.obj c64p_Exception_asm.obj c64p_MemoryProtect_asm.obj c62_TaskSupport_asm.obj timer64_Timer_asm.obj dmtimer_Timer_asm.obj sk_sk_cwrap.obj ...
Build of libraries done.
cle66 package/cfg/TRS_SYSBIOS_pe66.c ...
'Finished building: ../TRS_SYSBIOS.cfg'
' '
        1 file(s) copied.
making ../src/ipc.ae66 ...
making ../src/utils.ae66 ...
making ../src/sysbios.ae66 ...
gmake[1]: Nothing to be done for `all'.
gmake[1]: Nothing to be done for `all'.
gmake[1]: Nothing to be done for `all'.
"D:/WorkLocation/Projects/TRS_appC7/preBuildStep_Debug.bat"
'"D:/WorkLocation/Projects/TRS_appC7/preBuildStep_Debug.bat"' is not recognized as an internal or external command,
operable program or batch file.
gmake[1]: [pre-build] Error 1 (ignored)
' '
'Building file: D:/WorkLocation/Code_736/Code_736/src/steApp/src/CriticalMem.c'
'Invoking: C6000 Compiler'
"D:/TInew/ccsv5/tools/compiler/c6000_7.4.4/bin/cl6x" -mv6600 --abi=eabi -O2 -ms0 -g --include_path="D:/TInew/ccsv5/tools/compiler/c6000_7.4.4/include" --include_path="D:/WorkLocation/Code_736/Code_736/src/steLib/gsmutil/include" --include_path="D:/WorkLocation/Code_736/Code_736/src/steApp/include" --include_path="D:/WorkLocation/Code_736/Code_736/src/include" --include_path="D:/WorkLocation/Code_736/Code_736/src/steLib/genutil/include" --include_path="D:/WorkLocation/Code_736/Code_736/src/steMgr/arfcn/include" --include_path="D:/WorkLocation/Code_736/Code_736/src/3rdparty/gsmL1/include" --include_path="D:/WorkLocation/Code_736/Code_736/src/steLib/commandIf/include" --include_path="D:/WorkLocation/Code_736/Code_736/src/steMgr/dataif/include" --include_path="D:/WorkLocation/Code_736/Code_736/src/steMgr/include" --include_path="D:/WorkLocation/Code_736/Code_736/src/steMgr/Commandif/include" --include_path="D:/WorkLocation/Code_736/Code_736/src/stemgr/status/include" --include_path="D:/WorkLocation/Code_736/Code_736/src/stedrv/platform/include" --include_path="D:/WorkLocation/Code_736/Code_736/src/steMgr/diagIf/include" --include_path="D:/TInew/pdk_C6678_1_1_2_6/packages/ti/csl" --include_path="D:/TInew/pdk_C6678_1_1_2_6/packages/ti/platform/evmc6678l/platform_lib/include" --gcc --define=_CORE7 --define=_TMS320C6400 --display_error_number --diag_warning=225 --opt_for_speed=3 --gen_opt_info=0 --call_assumptions=0 --preproc_with_compile --preproc_dependency="CriticalMem.pp" --cmd_file="./configPkg/compiler.opt"  "D:/WorkLocation/Code_736/Code_736/src/steApp/src/CriticalMem.c"
'Finished building: D:/WorkLocation/Code_736/Code_736/src/steApp/src/CriticalMem.c'
' '
'Building file: D:/WorkLocation/Code_736/Code_736/src/steApp/src/EthBuff.c'
'Invoking: C6000 Compiler'
"D:/TInew/ccsv5/tools/compiler/c6000_7.4.4/bin/cl6x" -mv6600 --abi=eabi -O2 -ms0 -g --include_path="D:/TInew/ccsv5/tools/compiler/c6000_7.4.4/include" --include_path="D:/WorkLocation/Code_736/Code_736/src/steLib/gsmutil/include" --include_path="D:/WorkLocation/Code_736/Code_736/src/steApp/include" --include_path="D:/WorkLocation/Code_736/Code_736/src/include" --include_path="D:/WorkLocation/Code_736/Code_736/src/steLib/genutil/include" --include_path="D:/WorkLocation/Code_736/Code_736/src/steMgr/arfcn/include" --include_path="D:/WorkLocation/Code_736/Code_736/src/3rdparty/gsmL1/include" --include_path="D:/WorkLocation/Code_736/Code_736/src/steLib/commandIf/include" --include_path="D:/WorkLocation/Code_736/Code_736/src/steMgr/dataif/include" --include_path="D:/WorkLocation/Code_736/Code_736/src/steMgr/include" --include_path="D:/WorkLocation/Code_736/Code_736/src/steMgr/Commandif/include" --include_path="D:/WorkLocation/Code_736/Code_736/src/stemgr/status/include" --include_path="D:/WorkLocation/Code_736/Code_736/src/stedrv/platform/include" --include_path="D:/WorkLocation/Code_736/Code_736/src/steMgr/diagIf/include" --include_path="D:/TInew/pdk_C6678_1_1_2_6/packages/ti/csl" --include_path="D:/TInew/pdk_C6678_1_1_2_6/packages/ti/platform/evmc6678l/platform_lib/include" --gcc --define=_CORE7 --define=_TMS320C6400 --display_error_number --diag_warning=225 --opt_for_speed=3 --gen_opt_info=0 --call_assumptions=0 --preproc_with_compile --preproc_dependency="EthBuff.pp" --cmd_file="./configPkg/compiler.opt"  "D:/WorkLocation/Code_736/Code_736/src/steApp/src/EthBuff.c"
'Finished building: D:/WorkLocation/Code_736/Code_736/src/steApp/src/EthBuff.c'
' '
'Building file: D:/WorkLocation/Code_736/Code_736/src/steApp/src/HeapMem.c'
'Invoking: C6000 Compiler'
"D:/TInew/ccsv5/tools/compiler/c6000_7.4.4/bin/cl6x" -mv6600 --abi=eabi -O2 -ms0 -g --include_path="D:/TInew/ccsv5/tools/compiler/c6000_7.4.4/include" --include_path="D:/WorkLocation/Code_736/Code_736/src/steLib/gsmutil/include" --include_path="D:/WorkLocation/Code_736/Code_736/src/steApp/include" --include_path="D:/WorkLocation/Code_736/Code_736/src/include" --include_path="D:/WorkLocation/Code_736/Code_736/src/steLib/genutil/include" --include_path="D:/WorkLocation/Code_736/Code_736/src/steMgr/arfcn/include" --include_path="D:/WorkLocation/Code_736/Code_736/src/3rdparty/gsmL1/include" --include_path="D:/WorkLocation/Code_736/Code_736/src/steLib/commandIf/include" --include_path="D:/WorkLocation/Code_736/Code_736/src/steMgr/dataif/include" --include_path="D:/WorkLocation/Code_736/Code_736/src/steMgr/include" --include_path="D:/WorkLocation/Code_736/Code_736/src/steMgr/Commandif/include" --include_path="D:/WorkLocation/Code_736/Code_736/src/stemgr/status/include" --include_path="D:/WorkLocation/Code_736/Code_736/src/stedrv/platform/include" --include_path="D:/WorkLocation/Code_736/Code_736/src/steMgr/diagIf/include" --include_path="D:/TInew/pdk_C6678_1_1_2_6/packages/ti/csl" --include_path="D:/TInew/pdk_C6678_1_1_2_6/packages/ti/platform/evmc6678l/platform_lib/include" --gcc --define=_CORE7 --define=_TMS320C6400 --display_error_number --diag_warning=225 --opt_for_speed=3 --gen_opt_info=0 --call_assumptions=0 --preproc_with_compile --preproc_dependency="HeapMem.pp" --cmd_file="./configPkg/compiler.opt"  "D:/WorkLocation/Code_736/Code_736/src/steApp/src/HeapMem.c"
'Finished building: D:/WorkLocation/Code_736/Code_736/src/steApp/src/HeapMem.c'
' '
'Building file: D:/WorkLocation/Code_736/Code_736/src/steApp/src/MemMgr.c'
'Invoking: C6000 Compiler'
"D:/TInew/ccsv5/tools/compiler/c6000_7.4.4/bin/cl6x" -mv6600 --abi=eabi -O2 -ms0 -g --include_path="D:/TInew/ccsv5/tools/compiler/c6000_7.4.4/include" --include_path="D:/WorkLocation/Code_736/Code_736/src/steLib/gsmutil/include" --include_path="D:/WorkLocation/Code_736/Code_736/src/steApp/include" --include_path="D:/WorkLocation/Code_736/Code_736/src/include" --include_path="D:/WorkLocation/Code_736/Code_736/src/steLib/genutil/include" --include_path="D:/WorkLocation/Code_736/Code_736/src/steMgr/arfcn/include" --include_path="D:/WorkLocation/Code_736/Code_736/src/3rdparty/gsmL1/include" --include_path="D:/WorkLocation/Code_736/Code_736/src/steLib/commandIf/include" --include_path="D:/WorkLocation/Code_736/Code_736/src/steMgr/dataif/include" --include_path="D:/WorkLocation/Code_736/Code_736/src/steMgr/include" --include_path="D:/WorkLocation/Code_736/Code_736/src/steMgr/Commandif/include" --include_path="D:/WorkLocation/Code_736/Code_736/src/stemgr/status/include" --include_path="D:/WorkLocation/Code_736/Code_736/src/stedrv/platform/include" --include_path="D:/WorkLocation/Code_736/Code_736/src/steMgr/diagIf/include" --include_path="D:/TInew/pdk_C6678_1_1_2_6/packages/ti/csl" --include_path="D:/TInew/pdk_C6678_1_1_2_6/packages/ti/platform/evmc6678l/platform_lib/include" --gcc --define=_CORE7 --define=_TMS320C6400 --display_error_number --diag_warning=225 --opt_for_speed=3 --gen_opt_info=0 --call_assumptions=0 --preproc_with_compile --preproc_dependency="MemMgr.pp" --cmd_file="./configPkg/compiler.opt"  "D:/WorkLocation/Code_736/Code_736/src/steApp/src/MemMgr.c"
'Finished building: D:/WorkLocation/Code_736/Code_736/src/steApp/src/MemMgr.c'
' '
'Building file: D:/WorkLocation/Code_736/Code_736/src/steApp/src/ModMgr.c'
'Invoking: C6000 Compiler'
"D:/TInew/ccsv5/tools/compiler/c6000_7.4.4/bin/cl6x" -mv6600 --abi=eabi -O2 -ms0 -g --include_path="D:/TInew/ccsv5/tools/compiler/c6000_7.4.4/include" --include_path="D:/WorkLocation/Code_736/Code_736/src/steLib/gsmutil/include" --include_path="D:/WorkLocation/Code_736/Code_736/src/steApp/include" --include_path="D:/WorkLocation/Code_736/Code_736/src/include" --include_path="D:/WorkLocation/Code_736/Code_736/src/steLib/genutil/include" --include_path="D:/WorkLocation/Code_736/Code_736/src/steMgr/arfcn/include" --include_path="D:/WorkLocation/Code_736/Code_736/src/3rdparty/gsmL1/include" --include_path="D:/WorkLocation/Code_736/Code_736/src/steLib/commandIf/include" --include_path="D:/WorkLocation/Code_736/Code_736/src/steMgr/dataif/include" --include_path="D:/WorkLocation/Code_736/Code_736/src/steMgr/include" --include_path="D:/WorkLocation/Code_736/Code_736/src/steMgr/Commandif/include" --include_path="D:/WorkLocation/Code_736/Code_736/src/stemgr/status/include" --include_path="D:/WorkLocation/Code_736/Code_736/src/stedrv/platform/include" --include_path="D:/WorkLocation/Code_736/Code_736/src/steMgr/diagIf/include" --include_path="D:/TInew/pdk_C6678_1_1_2_6/packages/ti/csl" --include_path="D:/TInew/pdk_C6678_1_1_2_6/packages/ti/platform/evmc6678l/platform_lib/include" --gcc --define=_CORE7 --define=_TMS320C6400 --display_error_number --diag_warning=225 --opt_for_speed=3 --gen_opt_info=0 --call_assumptions=0 --preproc_with_compile --preproc_dependency="ModMgr.pp" --cmd_file="./configPkg/compiler.opt"  "D:/WorkLocation/Code_736/Code_736/src/steApp/src/ModMgr.c"
'Finished building: D:/WorkLocation/Code_736/Code_736/src/steApp/src/ModMgr.c'
' '
'Building file: D:/WorkLocation/Code_736/Code_736/src/steMgr/status/src/RxCalib.c'
'Invoking: C6000 Compiler'
"D:/TInew/ccsv5/tools/compiler/c6000_7.4.4/bin/cl6x" -mv6600 --abi=eabi -O2 -ms0 -g --include_path="D:/TInew/ccsv5/tools/compiler/c6000_7.4.4/include" --include_path="D:/WorkLocation/Code_736/Code_736/src/steLib/gsmutil/include" --include_path="D:/WorkLocation/Code_736/Code_736/src/steApp/include" --include_path="D:/WorkLocation/Code_736/Code_736/src/include" --include_path="D:/WorkLocation/Code_736/Code_736/src/steLib/genutil/include" --include_path="D:/WorkLocation/Code_736/Code_736/src/steMgr/arfcn/include" --include_path="D:/WorkLocation/Code_736/Code_736/src/3rdparty/gsmL1/include" --include_path="D:/WorkLocation/Code_736/Code_736/src/steLib/commandIf/include" --include_path="D:/WorkLocation/Code_736/Code_736/src/steMgr/dataif/include" --include_path="D:/WorkLocation/Code_736/Code_736/src/steMgr/include" --include_path="D:/WorkLocation/Code_736/Code_736/src/steMgr/Commandif/include" --include_path="D:/WorkLocation/Code_736/Code_736/src/stemgr/status/include" --include_path="D:/WorkLocation/Code_736/Code_736/src/stedrv/platform/include" --include_path="D:/WorkLocation/Code_736/Code_736/src/steMgr/diagIf/include" --include_path="D:/TInew/pdk_C6678_1_1_2_6/packages/ti/csl" --include_path="D:/TInew/pdk_C6678_1_1_2_6/packages/ti/platform/evmc6678l/platform_lib/include" --gcc --define=_CORE7 --define=_TMS320C6400 --display_error_number --diag_warning=225 --opt_for_speed=3 --gen_opt_info=0 --call_assumptions=0 --preproc_with_compile --preproc_dependency="RxCalib.pp" --cmd_file="./configPkg/compiler.opt"  "D:/WorkLocation/Code_736/Code_736/src/steMgr/status/src/RxCalib.c"
'Finished building: D:/WorkLocation/Code_736/Code_736/src/steMgr/status/src/RxCalib.c'
' '
'Building file: D:/WorkLocation/Code_736/Code_736/src/steApp/src/main.c'
'Invoking: C6000 Compiler'
"D:/TInew/ccsv5/tools/compiler/c6000_7.4.4/bin/cl6x" -mv6600 --abi=eabi -O2 -ms0 -g --include_path="D:/TInew/ccsv5/tools/compiler/c6000_7.4.4/include" --include_path="D:/WorkLocation/Code_736/Code_736/src/steLib/gsmutil/include" --include_path="D:/WorkLocation/Code_736/Code_736/src/steApp/include" --include_path="D:/WorkLocation/Code_736/Code_736/src/include" --include_path="D:/WorkLocation/Code_736/Code_736/src/steLib/genutil/include" --include_path="D:/WorkLocation/Code_736/Code_736/src/steMgr/arfcn/include" --include_path="D:/WorkLocation/Code_736/Code_736/src/3rdparty/gsmL1/include" --include_path="D:/WorkLocation/Code_736/Code_736/src/steLib/commandIf/include" --include_path="D:/WorkLocation/Code_736/Code_736/src/steMgr/dataif/include" --include_path="D:/WorkLocation/Code_736/Code_736/src/steMgr/include" --include_path="D:/WorkLocation/Code_736/Code_736/src/steMgr/Commandif/include" --include_path="D:/WorkLocation/Code_736/Code_736/src/stemgr/status/include" --include_path="D:/WorkLocation/Code_736/Code_736/src/stedrv/platform/include" --include_path="D:/WorkLocation/Code_736/Code_736/src/steMgr/diagIf/include" --include_path="D:/TInew/pdk_C6678_1_1_2_6/packages/ti/csl" --include_path="D:/TInew/pdk_C6678_1_1_2_6/packages/ti/platform/evmc6678l/platform_lib/include" --gcc --define=_CORE7 --define=_TMS320C6400 --display_error_number --diag_warning=225 --opt_for_speed=3 --gen_opt_info=0 --call_assumptions=0 --preproc_with_compile --preproc_dependency="main.pp" --cmd_file="./configPkg/compiler.opt"  "D:/WorkLocation/Code_736/Code_736/src/steApp/src/main.c"
'Finished building: D:/WorkLocation/Code_736/Code_736/src/steApp/src/main.c'
' '
'Building file: D:/WorkLocation/Code_736/Code_736/src/steMgr/status/src/statmgr.c'
'Invoking: C6000 Compiler'
"D:/TInew/ccsv5/tools/compiler/c6000_7.4.4/bin/cl6x" -mv6600 --abi=eabi -O2 -ms0 -g --include_path="D:/TInew/ccsv5/tools/compiler/c6000_7.4.4/include" --include_path="D:/WorkLocation/Code_736/Code_736/src/steLib/gsmutil/include" --include_path="D:/WorkLocation/Code_736/Code_736/src/steApp/include" --include_path="D:/WorkLocation/Code_736/Code_736/src/include" --include_path="D:/WorkLocation/Code_736/Code_736/src/steLib/genutil/include" --include_path="D:/WorkLocation/Code_736/Code_736/src/steMgr/arfcn/include" --include_path="D:/WorkLocation/Code_736/Code_736/src/3rdparty/gsmL1/include" --include_path="D:/WorkLocation/Code_736/Code_736/src/steLib/commandIf/include" --include_path="D:/WorkLocation/Code_736/Code_736/src/steMgr/dataif/include" --include_path="D:/WorkLocation/Code_736/Code_736/src/steMgr/include" --include_path="D:/WorkLocation/Code_736/Code_736/src/steMgr/Commandif/include" --include_path="D:/WorkLocation/Code_736/Code_736/src/stemgr/status/include" --include_path="D:/WorkLocation/Code_736/Code_736/src/stedrv/platform/include" --include_path="D:/WorkLocation/Code_736/Code_736/src/steMgr/diagIf/include" --include_path="D:/TInew/pdk_C6678_1_1_2_6/packages/ti/csl" --include_path="D:/TInew/pdk_C6678_1_1_2_6/packages/ti/platform/evmc6678l/platform_lib/include" --gcc --define=_CORE7 --define=_TMS320C6400 --display_error_number --diag_warning=225 --opt_for_speed=3 --gen_opt_info=0 --call_assumptions=0 --preproc_with_compile --preproc_dependency="statmgr.pp" --cmd_file="./configPkg/compiler.opt"  "D:/WorkLocation/Code_736/Code_736/src/steMgr/status/src/statmgr.c"
'Finished building: D:/WorkLocation/Code_736/Code_736/src/steMgr/status/src/statmgr.c'
' '
making ../src/ipc.ae66 ...
gmake[2]: Nothing to be done for `all'.
making ../src/utils.ae66 ...
gmake[2]: Nothing to be done for `all'.
making ../src/sysbios.ae66 ...
gmake[2]: Nothing to be done for `all'.
'Building target: TRS_appC7.out'
'Invoking: C6000 Linker'
"D:/TInew/ccsv5/tools/compiler/c6000_7.4.4/bin/cl6x" -mv6600 --abi=eabi -O2 -ms0 -g --gcc --define=_CORE7 --define=_TMS320C6400 --display_error_number --diag_warning=225 --opt_for_speed=3 --gen_opt_info=0 --call_assumptions=0 -z -m"TRS_appC7.map" -i"D:/TInew/ccsv5/tools/compiler/c6000_7.4.4/lib" -i"D:/TInew/pdk_C6678_1_1_2_6/packages/ti/csl/lib" -i"D:/TInew/ccsv5/tools/compiler/c6000_7.4.4/include" --reread_libs --warn_sections --display_error_number --xml_link_info="TRS_appC7_linkInfo.xml" --rom_model -o "TRS_appC7.out" -l"./configPkg/linker.cmd"  "./statmgr.obj" "./main.obj" "./RxCalib.obj" "./ModMgr.obj" "./MemMgr.obj" "./HeapMem.obj" "./EthBuff.obj" "./CriticalMem.obj" -lti.csl.ae66 -lti.csl.intc.ae66 -l"D:\WorkLocation\Projects\Platformlib_sub\Debug\Platformlib_sub.lib" -l"D:\WorkLocation\Code_736\Code_736\src\steMgr\arfcn\Out\L1Manager.lib" -l"D:\WorkLocation\Code_736\Code_736\src\3rdparty\gsmL1\Out\GSML1.lib" -l"D:\WorkLocation\Code_736\Code_736\src\steLib\gsmutil\out\GsmUtil.lib" -l"D:\WorkLocation\Code_736\Code_736\src\steLib\genutil\out\GenUtil.lib" -l"D:\WorkLocation\Code_736\Code_736\src\steLib\commandIf\Out\CmdIfLib.lib" -l"D:\WorkLocation\Code_736\Code_736\src\3rdparty\TI\src\delcom_gsm_L1_modules_6400+_eabi.lib" -l"D:\TInew\ccsv5\tools\compiler\c6000_7.4.4\lib\libc.a" -l"D:\TInew\ccsv5\tools\compiler\c6000_7.4.4\lib\rts6600_elf.lib" -l"libc.a" 
<Linking>
'Finished building target: TRS_appC7.out'
' '
"D:/WorkLocation/Projects/TRS_appC7/postBuildStep_Debug.bat"
'"D:/WorkLocation/Projects/TRS_appC7/postBuildStep_Debug.bat"' is not recognized as an internal or external command,
operable program or batch file.
gmake[2]: [post-build] Error 1 (ignored)
' '

**** Build Finished ****
